[0.008s] Invoking command in '/home/clearcash/Articubot/build/my_bot': CMAKE_PREFIX_PATH=${CMAKE_PREFIX_PATH}:/opt/ros/jazzy DEBUGINFOD_URLS=https://debuginfod.ubuntu.com /usr/bin/cmake --build /home/clearcash/Articubot/build/my_bot -- -j4 -l4
[0.046s] Invoked command in '/home/clearcash/Articubot/build/my_bot' returned '0': CMAKE_PREFIX_PATH=${CMAKE_PREFIX_PATH}:/opt/ros/jazzy DEBUGINFOD_URLS=https://debuginfod.ubuntu.com /usr/bin/cmake --build /home/clearcash/Articubot/build/my_bot -- -j4 -l4
[0.052s] Invoking command in '/home/clearcash/Articubot/build/my_bot': CMAKE_PREFIX_PATH=${CMAKE_PREFIX_PATH}:/opt/ros/jazzy DEBUGINFOD_URLS=https://debuginfod.ubuntu.com /usr/bin/cmake --install /home/clearcash/Articubot/build/my_bot
[0.058s] -- Install configuration: ""
[0.059s] -- Execute custom install script
[0.059s] -- Up-to-date symlink: /home/clearcash/Articubot/install/my_bot/share/my_bot/config/empty.yaml
[0.059s] -- Up-to-date symlink: /home/clearcash/Articubot/install/my_bot/share/my_bot/description/inertial_macros.xacro
[0.059s] -- Up-to-date symlink: /home/clearcash/Articubot/install/my_bot/share/my_bot/description/robot.urdf.xacro
[0.059s] -- Up-to-date symlink: /home/clearcash/Articubot/install/my_bot/share/my_bot/description/robot_core.xacro
[0.059s] -- Up-to-date symlink: /home/clearcash/Articubot/install/my_bot/share/my_bot/launch/rsp.launch.py
[0.059s] -- Up-to-date symlink: /home/clearcash/Articubot/install/my_bot/share/my_bot/worlds/empty.world
[0.060s] -- Up-to-date symlink: /home/clearcash/Articubot/install/my_bot/share/ament_index/resource_index/package_run_dependencies/my_bot
[0.060s] -- Up-to-date symlink: /home/clearcash/Articubot/install/my_bot/share/ament_index/resource_index/parent_prefix_path/my_bot
[0.060s] -- Up-to-date symlink: /home/clearcash/Articubot/install/my_bot/share/my_bot/environment/ament_prefix_path.sh
[0.060s] -- Up-to-date symlink: /home/clearcash/Articubot/install/my_bot/share/my_bot/environment/ament_prefix_path.dsv
[0.060s] -- Up-to-date symlink: /home/clearcash/Articubot/install/my_bot/share/my_bot/environment/path.sh
[0.060s] -- Up-to-date symlink: /home/clearcash/Articubot/install/my_bot/share/my_bot/environment/path.dsv
[0.060s] -- Up-to-date symlink: /home/clearcash/Articubot/install/my_bot/share/my_bot/local_setup.bash
[0.060s] -- Up-to-date symlink: /home/clearcash/Articubot/install/my_bot/share/my_bot/local_setup.sh
[0.060s] -- Up-to-date symlink: /home/clearcash/Articubot/install/my_bot/share/my_bot/local_setup.zsh
[0.060s] -- Up-to-date symlink: /home/clearcash/Articubot/install/my_bot/share/my_bot/local_setup.dsv
[0.060s] -- Symlinking: /home/clearcash/Articubot/install/my_bot/share/my_bot/package.dsv
[0.065s] -- Up-to-date symlink: /home/clearcash/Articubot/install/my_bot/share/ament_index/resource_index/packages/my_bot
[0.065s] -- Up-to-date symlink: /home/clearcash/Articubot/install/my_bot/share/my_bot/cmake/my_botConfig.cmake
[0.065s] -- Up-to-date symlink: /home/clearcash/Articubot/install/my_bot/share/my_bot/cmake/my_botConfig-version.cmake
[0.065s] -- Up-to-date symlink: /home/clearcash/Articubot/install/my_bot/share/my_bot/package.xml
[0.067s] Invoked command in '/home/clearcash/Articubot/build/my_bot' returned '0': CMAKE_PREFIX_PATH=${CMAKE_PREFIX_PATH}:/opt/ros/jazzy DEBUGINFOD_URLS=https://debuginfod.ubuntu.com /usr/bin/cmake --install /home/clearcash/Articubot/build/my_bot
