[0.012s] Invoking command in '/home/clearcash/Articubot/build/my_bot': CMAKE_PREFIX_PATH=${CMAKE_PREFIX_PATH}:/opt/ros/jazzy DEBUGINFOD_URLS=https://debuginfod.ubuntu.com /usr/bin/cmake --build /home/clearcash/Articubot/build/my_bot -- -j4 -l4
[0.090s] Invoked command in '/home/clearcash/Articubot/build/my_bot' returned '0': CMAKE_PREFIX_PATH=${CMAKE_PREFIX_PATH}:/opt/ros/jazzy DEBUGINFOD_URLS=https://debuginfod.ubuntu.com /usr/bin/cmake --build /home/clearcash/Articubot/build/my_bot -- -j4 -l4
[0.096s] Invoking command in '/home/clearcash/Articubot/build/my_bot': CMAKE_PREFIX_PATH=${CMAKE_PREFIX_PATH}:/opt/ros/jazzy DEBUGINFOD_URLS=https://debuginfod.ubuntu.com /usr/bin/cmake --install /home/clearcash/Articubot/build/my_bot
[0.100s] -- Install configuration: ""
[0.102s] -- Execute custom install script
[0.102s] -- Up-to-date symlink: /home/clearcash/Articubot/install/my_bot/share/my_bot/config/empty.yaml
[0.102s] -- Symlinking: /home/clearcash/Articubot/install/my_bot/share/my_bot/description/inertial_macros.xacro
[0.108s] -- Up-to-date symlink: /home/clearcash/Articubot/install/my_bot/share/my_bot/description/robot.urdf.xacro
[0.108s] -- Up-to-date symlink: /home/clearcash/Articubot/install/my_bot/share/my_bot/description/robot_core.xacro
[0.108s] -- Up-to-date symlink: /home/clearcash/Articubot/install/my_bot/share/my_bot/launch/rsp.launch.py
[0.108s] -- Up-to-date symlink: /home/clearcash/Articubot/install/my_bot/share/my_bot/worlds/empty.world
[0.109s] -- Up-to-date symlink: /home/clearcash/Articubot/install/my_bot/share/ament_index/resource_index/package_run_dependencies/my_bot
[0.109s] -- Up-to-date symlink: /home/clearcash/Articubot/install/my_bot/share/ament_index/resource_index/parent_prefix_path/my_bot
[0.109s] -- Up-to-date symlink: /home/clearcash/Articubot/install/my_bot/share/my_bot/environment/ament_prefix_path.sh
[0.109s] -- Up-to-date symlink: /home/clearcash/Articubot/install/my_bot/share/my_bot/environment/ament_prefix_path.dsv
[0.109s] -- Up-to-date symlink: /home/clearcash/Articubot/install/my_bot/share/my_bot/environment/path.sh
[0.109s] -- Up-to-date symlink: /home/clearcash/Articubot/install/my_bot/share/my_bot/environment/path.dsv
[0.110s] -- Up-to-date symlink: /home/clearcash/Articubot/install/my_bot/share/my_bot/local_setup.bash
[0.110s] -- Up-to-date symlink: /home/clearcash/Articubot/install/my_bot/share/my_bot/local_setup.sh
[0.110s] -- Up-to-date symlink: /home/clearcash/Articubot/install/my_bot/share/my_bot/local_setup.zsh
[0.110s] -- Up-to-date symlink: /home/clearcash/Articubot/install/my_bot/share/my_bot/local_setup.dsv
[0.110s] -- Symlinking: /home/clearcash/Articubot/install/my_bot/share/my_bot/package.dsv
[0.115s] -- Up-to-date symlink: /home/clearcash/Articubot/install/my_bot/share/ament_index/resource_index/packages/my_bot
[0.115s] -- Up-to-date symlink: /home/clearcash/Articubot/install/my_bot/share/my_bot/cmake/my_botConfig.cmake
[0.115s] -- Up-to-date symlink: /home/clearcash/Articubot/install/my_bot/share/my_bot/cmake/my_botConfig-version.cmake
[0.115s] -- Up-to-date symlink: /home/clearcash/Articubot/install/my_bot/share/my_bot/package.xml
[0.116s] Invoked command in '/home/clearcash/Articubot/build/my_bot' returned '0': CMAKE_PREFIX_PATH=${CMAKE_PREFIX_PATH}:/opt/ros/jazzy DEBUGINFOD_URLS=https://debuginfod.ubuntu.com /usr/bin/cmake --install /home/clearcash/Articubot/build/my_bot
