[0.005s] Invoking command in '/home/clearcash/Articubot/build/my_bot': CMAKE_PREFIX_PATH=${CMAKE_PREFIX_PATH}:/opt/ros/jazzy DEBUGINFOD_URLS=https://debuginfod.ubuntu.com /usr/bin/cmake /home/clearcash/Articubot -DAMENT_CMAKE_SYMLINK_INSTALL=1 -DCMAKE_INSTALL_PREFIX=/home/clearcash/Articubot/install/my_bot
[0.092s] -- The C compiler identification is GNU 13.3.0
[0.166s] -- The CXX compiler identification is GNU 13.3.0
[0.177s] -- Detecting C compiler ABI info
[0.222s] -- Detecting C compiler ABI info - done
[0.228s] -- Check for working C compiler: /usr/bin/cc - skipped
[0.228s] -- Detecting C compile features
[0.228s] -- Detecting C compile features - done
[0.234s] -- Detecting CXX compiler ABI info
[0.282s] -- Detecting CXX compiler ABI info - done
[0.287s] -- Check for working CXX compiler: /usr/bin/c++ - skipped
[0.287s] -- Detecting CXX compile features
[0.288s] -- Detecting CXX compile features - done
[0.293s] -- Found ament_cmake: 2.5.4 (/opt/ros/jazzy/share/ament_cmake/cmake)
[0.365s] -- Found Python3: /usr/bin/python3 (found version "3.12.3") found components: Interpreter 
[0.408s] -- Override CMake install command with custom implementation using symlinks instead of copying resources
[0.428s] -- Found ament_lint_auto: 0.17.3 (/opt/ros/jazzy/share/ament_lint_auto/cmake)
[0.489s] -- Added test 'copyright' to check source files copyright and LICENSE
[0.494s] -- Added test 'cppcheck' to perform static code analysis on C / C++ code
[0.494s] -- Configured cppcheck include dirs: 
[0.494s] -- Configured cppcheck exclude dirs and/or files: 
[0.498s] -- Added test 'cpplint' to check C / C++ code against the Google style
[0.498s] -- Configured cpplint exclude dirs and/or files: 
[0.499s] -- Added test 'flake8' to check Python code syntax and style conventions
[0.499s] -- Configured 'flake8' exclude dirs and/or files: 
[0.500s] -- Added test 'lint_cmake' to check CMake code style
[0.501s] -- Added test 'pep257' to check Python code against some of the docstring style conventions in PEP 257
[0.507s] -- Added test 'uncrustify' to check C / C++ code style
[0.507s] -- Configured uncrustify additional arguments: 
[0.507s] -- Added test 'xmllint' to check XML markup files
[0.508s] -- Configuring done (0.5s)
[0.510s] -- Generating done (0.0s)
[0.511s] -- Build files have been written to: /home/clearcash/Articubot/build/my_bot
[0.514s] Invoked command in '/home/clearcash/Articubot/build/my_bot' returned '0': CMAKE_PREFIX_PATH=${CMAKE_PREFIX_PATH}:/opt/ros/jazzy DEBUGINFOD_URLS=https://debuginfod.ubuntu.com /usr/bin/cmake /home/clearcash/Articubot -DAMENT_CMAKE_SYMLINK_INSTALL=1 -DCMAKE_INSTALL_PREFIX=/home/clearcash/Articubot/install/my_bot
[0.515s] Invoking command in '/home/clearcash/Articubot/build/my_bot': CMAKE_PREFIX_PATH=${CMAKE_PREFIX_PATH}:/opt/ros/jazzy DEBUGINFOD_URLS=https://debuginfod.ubuntu.com /usr/bin/cmake --build /home/clearcash/Articubot/build/my_bot -- -j4 -l4
[0.535s] Invoked command in '/home/clearcash/Articubot/build/my_bot' returned '0': CMAKE_PREFIX_PATH=${CMAKE_PREFIX_PATH}:/opt/ros/jazzy DEBUGINFOD_URLS=https://debuginfod.ubuntu.com /usr/bin/cmake --build /home/clearcash/Articubot/build/my_bot -- -j4 -l4
[0.539s] Invoking command in '/home/clearcash/Articubot/build/my_bot': CMAKE_PREFIX_PATH=${CMAKE_PREFIX_PATH}:/opt/ros/jazzy DEBUGINFOD_URLS=https://debuginfod.ubuntu.com /usr/bin/cmake --install /home/clearcash/Articubot/build/my_bot
[0.542s] -- Install configuration: ""
[0.542s] -- Execute custom install script
[0.542s] -- Symlinking: /home/clearcash/Articubot/install/my_bot/share/my_bot/config/empty.yaml
[0.547s] -- Symlinking: /home/clearcash/Articubot/install/my_bot/share/my_bot/description/robot.urdf.xacro
[0.550s] -- Symlinking: /home/clearcash/Articubot/install/my_bot/share/my_bot/description/robot_core.xacro
[0.554s] -- Symlinking: /home/clearcash/Articubot/install/my_bot/share/my_bot/launch/rsp.launch.py
[0.557s] -- Symlinking: /home/clearcash/Articubot/install/my_bot/share/my_bot/worlds/empty.world
[0.561s] -- Symlinking: /home/clearcash/Articubot/install/my_bot/share/ament_index/resource_index/package_run_dependencies/my_bot
[0.565s] -- Symlinking: /home/clearcash/Articubot/install/my_bot/share/ament_index/resource_index/parent_prefix_path/my_bot
[0.568s] -- Up-to-date symlink: /home/clearcash/Articubot/install/my_bot/share/my_bot/environment/ament_prefix_path.sh
[0.569s] -- Symlinking: /home/clearcash/Articubot/install/my_bot/share/my_bot/environment/ament_prefix_path.dsv
[0.572s] -- Up-to-date symlink: /home/clearcash/Articubot/install/my_bot/share/my_bot/environment/path.sh
[0.572s] -- Symlinking: /home/clearcash/Articubot/install/my_bot/share/my_bot/environment/path.dsv
[0.575s] -- Symlinking: /home/clearcash/Articubot/install/my_bot/share/my_bot/local_setup.bash
[0.579s] -- Symlinking: /home/clearcash/Articubot/install/my_bot/share/my_bot/local_setup.sh
[0.582s] -- Symlinking: /home/clearcash/Articubot/install/my_bot/share/my_bot/local_setup.zsh
[0.586s] -- Symlinking: /home/clearcash/Articubot/install/my_bot/share/my_bot/local_setup.dsv
[0.590s] -- Symlinking: /home/clearcash/Articubot/install/my_bot/share/my_bot/package.dsv
[0.593s] -- Symlinking: /home/clearcash/Articubot/install/my_bot/share/ament_index/resource_index/packages/my_bot
[0.597s] -- Symlinking: /home/clearcash/Articubot/install/my_bot/share/my_bot/cmake/my_botConfig.cmake
[0.600s] -- Symlinking: /home/clearcash/Articubot/install/my_bot/share/my_bot/cmake/my_botConfig-version.cmake
[0.604s] -- Symlinking: /home/clearcash/Articubot/install/my_bot/share/my_bot/package.xml
[0.609s] Invoked command in '/home/clearcash/Articubot/build/my_bot' returned '0': CMAKE_PREFIX_PATH=${CMAKE_PREFIX_PATH}:/opt/ros/jazzy DEBUGINFOD_URLS=https://debuginfod.ubuntu.com /usr/bin/cmake --install /home/clearcash/Articubot/build/my_bot
